{"C:\\Users\\a-z\\Muna-Zeer-Blogging\\src\\controllers\\postController.js": {"path":"C:\\Users\\a-z\\Muna-Zeer-Blogging\\src\\controllers\\postController.js","statementMap":{"0":{"start":{"line":2,"column":41},"end":{"line":2,"column":61}},"1":{"start":{"line":3,"column":11},"end":{"line":3,"column":24}},"2":{"start":{"line":4,"column":15},"end":{"line":4,"column":35}},"3":{"start":{"line":5,"column":0},"end":{"line":18,"column":2}},"4":{"start":{"line":6,"column":2},"end":{"line":17,"column":3}},"5":{"start":{"line":7,"column":4},"end":{"line":9,"column":5}},"6":{"start":{"line":8,"column":6},"end":{"line":8,"column":65}},"7":{"start":{"line":10,"column":21},"end":{"line":10,"column":38}},"8":{"start":{"line":11,"column":4},"end":{"line":13,"column":65}},"9":{"start":{"line":15,"column":4},"end":{"line":15,"column":23}},"10":{"start":{"line":16,"column":4},"end":{"line":16,"column":43}},"11":{"start":{"line":21,"column":0},"end":{"line":39,"column":2}},"12":{"start":{"line":22,"column":2},"end":{"line":38,"column":3}},"13":{"start":{"line":23,"column":21},"end":{"line":23,"column":38}},"14":{"start":{"line":24,"column":4},"end":{"line":24,"column":35}},"15":{"start":{"line":26,"column":20},"end":{"line":31,"column":6}},"16":{"start":{"line":33,"column":4},"end":{"line":33,"column":27}},"17":{"start":{"line":34,"column":4},"end":{"line":34,"column":34}},"18":{"start":{"line":36,"column":4},"end":{"line":36,"column":23}},"19":{"start":{"line":37,"column":4},"end":{"line":37,"column":36}},"20":{"start":{"line":41,"column":0},"end":{"line":50,"column":2}},"21":{"start":{"line":42,"column":2},"end":{"line":49,"column":3}},"22":{"start":{"line":43,"column":21},"end":{"line":43,"column":41}},"23":{"start":{"line":45,"column":4},"end":{"line":45,"column":48}},"24":{"start":{"line":47,"column":4},"end":{"line":47,"column":23}},"25":{"start":{"line":48,"column":4},"end":{"line":48,"column":36}},"26":{"start":{"line":51,"column":0},"end":{"line":60,"column":2}},"27":{"start":{"line":52,"column":2},"end":{"line":59,"column":3}},"28":{"start":{"line":53,"column":21},"end":{"line":53,"column":41}},"29":{"start":{"line":55,"column":4},"end":{"line":55,"column":51}},"30":{"start":{"line":57,"column":4},"end":{"line":57,"column":23}},"31":{"start":{"line":58,"column":4},"end":{"line":58,"column":36}},"32":{"start":{"line":62,"column":0},"end":{"line":97,"column":2}},"33":{"start":{"line":63,"column":2},"end":{"line":96,"column":3}},"34":{"start":{"line":64,"column":23},"end":{"line":64,"column":33}},"35":{"start":{"line":65,"column":27},"end":{"line":65,"column":35}},"36":{"start":{"line":66,"column":4},"end":{"line":66,"column":52}},"37":{"start":{"line":68,"column":17},"end":{"line":68,"column":44}},"38":{"start":{"line":69,"column":4},"end":{"line":71,"column":5}},"39":{"start":{"line":70,"column":6},"end":{"line":70,"column":63}},"40":{"start":{"line":73,"column":30},"end":{"line":81,"column":5}},"41":{"start":{"line":75,"column":36},"end":{"line":78,"column":10}},"42":{"start":{"line":79,"column":8},"end":{"line":79,"column":24}},"43":{"start":{"line":83,"column":4},"end":{"line":83,"column":59}},"44":{"start":{"line":86,"column":28},"end":{"line":88,"column":5}},"45":{"start":{"line":87,"column":20},"end":{"line":87,"column":37}},"46":{"start":{"line":90,"column":4},"end":{"line":90,"column":46}},"47":{"start":{"line":92,"column":4},"end":{"line":92,"column":22}},"48":{"start":{"line":94,"column":4},"end":{"line":94,"column":61}},"49":{"start":{"line":95,"column":4},"end":{"line":95,"column":61}},"50":{"start":{"line":99,"column":0},"end":{"line":113,"column":2}},"51":{"start":{"line":100,"column":2},"end":{"line":112,"column":3}},"52":{"start":{"line":101,"column":23},"end":{"line":101,"column":33}},"53":{"start":{"line":102,"column":27},"end":{"line":102,"column":35}},"54":{"start":{"line":103,"column":17},"end":{"line":103,"column":44}},"55":{"start":{"line":104,"column":4},"end":{"line":106,"column":5}},"56":{"start":{"line":105,"column":6},"end":{"line":105,"column":63}},"57":{"start":{"line":108,"column":4},"end":{"line":108,"column":54}},"58":{"start":{"line":110,"column":4},"end":{"line":110,"column":49}},"59":{"start":{"line":111,"column":4},"end":{"line":111,"column":61}},"60":{"start":{"line":115,"column":0},"end":{"line":134,"column":2}},"61":{"start":{"line":116,"column":2},"end":{"line":133,"column":3}},"62":{"start":{"line":117,"column":23},"end":{"line":117,"column":33}},"63":{"start":{"line":120,"column":17},"end":{"line":120,"column":44}},"64":{"start":{"line":122,"column":4},"end":{"line":124,"column":5}},"65":{"start":{"line":123,"column":6},"end":{"line":123,"column":63}},"66":{"start":{"line":126,"column":23},"end":{"line":126,"column":49}},"67":{"start":{"line":129,"column":4},"end":{"line":129,"column":50}},"68":{"start":{"line":131,"column":4},"end":{"line":131,"column":63}},"69":{"start":{"line":132,"column":4},"end":{"line":132,"column":61}},"70":{"start":{"line":135,"column":0},"end":{"line":152,"column":2}},"71":{"start":{"line":136,"column":21},"end":{"line":136,"column":31}},"72":{"start":{"line":137,"column":2},"end":{"line":137,"column":47}},"73":{"start":{"line":139,"column":2},"end":{"line":151,"column":3}},"74":{"start":{"line":140,"column":17},"end":{"line":140,"column":44}},"75":{"start":{"line":142,"column":4},"end":{"line":145,"column":5}},"76":{"start":{"line":143,"column":6},"end":{"line":143,"column":38}},"77":{"start":{"line":144,"column":6},"end":{"line":144,"column":63}},"78":{"start":{"line":147,"column":4},"end":{"line":147,"column":39}},"79":{"start":{"line":149,"column":4},"end":{"line":149,"column":54}},"80":{"start":{"line":150,"column":4},"end":{"line":150,"column":60}},"81":{"start":{"line":154,"column":0},"end":{"line":184,"column":2}},"82":{"start":{"line":155,"column":21},"end":{"line":155,"column":31}},"83":{"start":{"line":156,"column":2},"end":{"line":156,"column":48}},"84":{"start":{"line":157,"column":2},"end":{"line":157,"column":41}},"85":{"start":{"line":159,"column":2},"end":{"line":183,"column":3}},"86":{"start":{"line":161,"column":17},"end":{"line":161,"column":44}},"87":{"start":{"line":162,"column":4},"end":{"line":165,"column":5}},"88":{"start":{"line":163,"column":6},"end":{"line":163,"column":38}},"89":{"start":{"line":164,"column":6},"end":{"line":164,"column":63}},"90":{"start":{"line":168,"column":44},"end":{"line":171,"column":6}},"91":{"start":{"line":173,"column":4},"end":{"line":176,"column":5}},"92":{"start":{"line":174,"column":6},"end":{"line":174,"column":38}},"93":{"start":{"line":175,"column":6},"end":{"line":175,"column":63}},"94":{"start":{"line":178,"column":4},"end":{"line":178,"column":59}},"95":{"start":{"line":179,"column":4},"end":{"line":179,"column":71}},"96":{"start":{"line":181,"column":4},"end":{"line":181,"column":49}},"97":{"start":{"line":182,"column":4},"end":{"line":182,"column":61}},"98":{"start":{"line":187,"column":0},"end":{"line":204,"column":2}},"99":{"start":{"line":188,"column":21},"end":{"line":188,"column":31}},"100":{"start":{"line":190,"column":2},"end":{"line":203,"column":3}},"101":{"start":{"line":191,"column":17},"end":{"line":191,"column":44}},"102":{"start":{"line":193,"column":4},"end":{"line":195,"column":5}},"103":{"start":{"line":194,"column":6},"end":{"line":194,"column":63}},"104":{"start":{"line":197,"column":4},"end":{"line":197,"column":25}},"105":{"start":{"line":199,"column":4},"end":{"line":199,"column":67}},"106":{"start":{"line":201,"column":4},"end":{"line":201,"column":49}},"107":{"start":{"line":202,"column":4},"end":{"line":202,"column":61}},"108":{"start":{"line":208,"column":0},"end":{"line":221,"column":2}},"109":{"start":{"line":209,"column":21},"end":{"line":209,"column":31}},"110":{"start":{"line":210,"column":22},"end":{"line":210,"column":30}},"111":{"start":{"line":211,"column":2},"end":{"line":220,"column":3}},"112":{"start":{"line":212,"column":20},"end":{"line":215,"column":6}},"113":{"start":{"line":216,"column":4},"end":{"line":216,"column":79}},"114":{"start":{"line":218,"column":4},"end":{"line":218,"column":52}},"115":{"start":{"line":219,"column":4},"end":{"line":219,"column":64}},"116":{"start":{"line":224,"column":0},"end":{"line":235,"column":2}},"117":{"start":{"line":225,"column":21},"end":{"line":225,"column":31}},"118":{"start":{"line":226,"column":2},"end":{"line":226,"column":34}},"119":{"start":{"line":227,"column":2},"end":{"line":234,"column":3}},"120":{"start":{"line":228,"column":21},"end":{"line":228,"column":65}},"121":{"start":{"line":229,"column":4},"end":{"line":229,"column":39}},"122":{"start":{"line":230,"column":4},"end":{"line":230,"column":39}},"123":{"start":{"line":232,"column":4},"end":{"line":232,"column":52}},"124":{"start":{"line":233,"column":4},"end":{"line":233,"column":62}},"125":{"start":{"line":237,"column":0},"end":{"line":247,"column":2}},"126":{"start":{"line":238,"column":2},"end":{"line":246,"column":3}},"127":{"start":{"line":239,"column":17},"end":{"line":241,"column":6}},"128":{"start":{"line":242,"column":4},"end":{"line":242,"column":39}},"129":{"start":{"line":244,"column":4},"end":{"line":244,"column":70}},"130":{"start":{"line":245,"column":4},"end":{"line":245,"column":80}},"131":{"start":{"line":249,"column":0},"end":{"line":264,"column":1}},"132":{"start":{"line":250,"column":17},"end":{"line":250,"column":27}},"133":{"start":{"line":251,"column":2},"end":{"line":263,"column":3}},"134":{"start":{"line":252,"column":17},"end":{"line":254,"column":6}},"135":{"start":{"line":255,"column":4},"end":{"line":257,"column":5}},"136":{"start":{"line":256,"column":6},"end":{"line":256,"column":63}},"137":{"start":{"line":259,"column":4},"end":{"line":259,"column":33}},"138":{"start":{"line":261,"column":4},"end":{"line":261,"column":56}},"139":{"start":{"line":262,"column":4},"end":{"line":262,"column":66}}},"fnMap":{"0":{"name":"(anonymous_0)","decl":{"start":{"line":5,"column":28},"end":{"line":5,"column":29}},"loc":{"start":{"line":5,"column":48},"end":{"line":18,"column":1}},"line":5},"1":{"name":"(anonymous_1)","decl":{"start":{"line":21,"column":28},"end":{"line":21,"column":29}},"loc":{"start":{"line":21,"column":48},"end":{"line":39,"column":1}},"line":21},"2":{"name":"(anonymous_2)","decl":{"start":{"line":41,"column":28},"end":{"line":41,"column":29}},"loc":{"start":{"line":41,"column":48},"end":{"line":50,"column":1}},"line":41},"3":{"name":"(anonymous_3)","decl":{"start":{"line":51,"column":29},"end":{"line":51,"column":30}},"loc":{"start":{"line":51,"column":49},"end":{"line":60,"column":1}},"line":51},"4":{"name":"(anonymous_4)","decl":{"start":{"line":62,"column":33},"end":{"line":62,"column":34}},"loc":{"start":{"line":62,"column":53},"end":{"line":97,"column":1}},"line":62},"5":{"name":"(anonymous_5)","decl":{"start":{"line":74,"column":21},"end":{"line":74,"column":22}},"loc":{"start":{"line":74,"column":45},"end":{"line":80,"column":7}},"line":74},"6":{"name":"(anonymous_6)","decl":{"start":{"line":87,"column":6},"end":{"line":87,"column":7}},"loc":{"start":{"line":87,"column":20},"end":{"line":87,"column":37}},"line":87},"7":{"name":"(anonymous_7)","decl":{"start":{"line":99,"column":29},"end":{"line":99,"column":30}},"loc":{"start":{"line":99,"column":49},"end":{"line":113,"column":1}},"line":99},"8":{"name":"(anonymous_8)","decl":{"start":{"line":115,"column":33},"end":{"line":115,"column":34}},"loc":{"start":{"line":115,"column":53},"end":{"line":134,"column":1}},"line":115},"9":{"name":"(anonymous_9)","decl":{"start":{"line":135,"column":33},"end":{"line":135,"column":34}},"loc":{"start":{"line":135,"column":53},"end":{"line":152,"column":1}},"line":135},"10":{"name":"(anonymous_10)","decl":{"start":{"line":154,"column":32},"end":{"line":154,"column":33}},"loc":{"start":{"line":154,"column":52},"end":{"line":184,"column":1}},"line":154},"11":{"name":"(anonymous_11)","decl":{"start":{"line":187,"column":28},"end":{"line":187,"column":29}},"loc":{"start":{"line":187,"column":48},"end":{"line":204,"column":1}},"line":187},"12":{"name":"(anonymous_12)","decl":{"start":{"line":208,"column":31},"end":{"line":208,"column":32}},"loc":{"start":{"line":208,"column":51},"end":{"line":221,"column":1}},"line":208},"13":{"name":"(anonymous_13)","decl":{"start":{"line":224,"column":33},"end":{"line":224,"column":34}},"loc":{"start":{"line":224,"column":53},"end":{"line":235,"column":1}},"line":224},"14":{"name":"(anonymous_14)","decl":{"start":{"line":237,"column":36},"end":{"line":237,"column":37}},"loc":{"start":{"line":237,"column":56},"end":{"line":247,"column":1}},"line":237},"15":{"name":"(anonymous_15)","decl":{"start":{"line":249,"column":34},"end":{"line":249,"column":35}},"loc":{"start":{"line":249,"column":50},"end":{"line":264,"column":1}},"line":249}},"branchMap":{"0":{"loc":{"start":{"line":7,"column":4},"end":{"line":9,"column":5}},"type":"if","locations":[{"start":{"line":7,"column":4},"end":{"line":9,"column":5}},{"start":{},"end":{}}],"line":7},"1":{"loc":{"start":{"line":69,"column":4},"end":{"line":71,"column":5}},"type":"if","locations":[{"start":{"line":69,"column":4},"end":{"line":71,"column":5}},{"start":{},"end":{}}],"line":69},"2":{"loc":{"start":{"line":104,"column":4},"end":{"line":106,"column":5}},"type":"if","locations":[{"start":{"line":104,"column":4},"end":{"line":106,"column":5}},{"start":{},"end":{}}],"line":104},"3":{"loc":{"start":{"line":122,"column":4},"end":{"line":124,"column":5}},"type":"if","locations":[{"start":{"line":122,"column":4},"end":{"line":124,"column":5}},{"start":{},"end":{}}],"line":122},"4":{"loc":{"start":{"line":142,"column":4},"end":{"line":145,"column":5}},"type":"if","locations":[{"start":{"line":142,"column":4},"end":{"line":145,"column":5}},{"start":{},"end":{}}],"line":142},"5":{"loc":{"start":{"line":162,"column":4},"end":{"line":165,"column":5}},"type":"if","locations":[{"start":{"line":162,"column":4},"end":{"line":165,"column":5}},{"start":{},"end":{}}],"line":162},"6":{"loc":{"start":{"line":173,"column":4},"end":{"line":176,"column":5}},"type":"if","locations":[{"start":{"line":173,"column":4},"end":{"line":176,"column":5}},{"start":{},"end":{}}],"line":173},"7":{"loc":{"start":{"line":193,"column":4},"end":{"line":195,"column":5}},"type":"if","locations":[{"start":{"line":193,"column":4},"end":{"line":195,"column":5}},{"start":{},"end":{}}],"line":193},"8":{"loc":{"start":{"line":255,"column":4},"end":{"line":257,"column":5}},"type":"if","locations":[{"start":{"line":255,"column":4},"end":{"line":257,"column":5}},{"start":{},"end":{}}],"line":255}},"s":{"0":1,"1":1,"2":1,"3":1,"4":2,"5":2,"6":1,"7":1,"8":1,"9":1,"10":1,"11":1,"12":2,"13":2,"14":0,"15":0,"16":0,"17":0,"18":2,"19":2,"20":1,"21":1,"22":1,"23":1,"24":1,"25":1,"26":1,"27":0,"28":0,"29":0,"30":0,"31":0,"32":1,"33":0,"34":0,"35":0,"36":0,"37":0,"38":0,"39":0,"40":0,"41":0,"42":0,"43":0,"44":0,"45":0,"46":0,"47":0,"48":0,"49":0,"50":1,"51":0,"52":0,"53":0,"54":0,"55":0,"56":0,"57":0,"58":0,"59":0,"60":1,"61":0,"62":0,"63":0,"64":0,"65":0,"66":0,"67":0,"68":0,"69":0,"70":1,"71":0,"72":0,"73":0,"74":0,"75":0,"76":0,"77":0,"78":0,"79":0,"80":0,"81":1,"82":0,"83":0,"84":0,"85":0,"86":0,"87":0,"88":0,"89":0,"90":0,"91":0,"92":0,"93":0,"94":0,"95":0,"96":0,"97":0,"98":1,"99":0,"100":0,"101":0,"102":0,"103":0,"104":0,"105":0,"106":0,"107":0,"108":1,"109":0,"110":0,"111":0,"112":0,"113":0,"114":0,"115":0,"116":1,"117":2,"118":2,"119":2,"120":2,"121":1,"122":1,"123":1,"124":1,"125":1,"126":0,"127":0,"128":0,"129":0,"130":0,"131":1,"132":0,"133":0,"134":0,"135":0,"136":0,"137":0,"138":0,"139":0},"f":{"0":2,"1":2,"2":1,"3":0,"4":0,"5":0,"6":0,"7":0,"8":0,"9":0,"10":0,"11":0,"12":0,"13":2,"14":0,"15":0},"b":{"0":[1,1],"1":[0,0],"2":[0,0],"3":[0,0],"4":[0,0],"5":[0,0],"6":[0,0],"7":[0,0],"8":[0,0]},"_coverageSchema":"1a1c01bbd47fc00a2c39e90264f33305004495a9","hash":"c012fa3d60c013a62c9216162ed272dc540726b1"}
,"C:\\Users\\a-z\\Muna-Zeer-Blogging\\src\\controllers\\userController.js": {"path":"C:\\Users\\a-z\\Muna-Zeer-Blogging\\src\\controllers\\userController.js","statementMap":{"0":{"start":{"line":2,"column":17},"end":{"line":2,"column":37}},"1":{"start":{"line":3,"column":0},"end":{"line":11,"column":2}},"2":{"start":{"line":4,"column":2},"end":{"line":10,"column":3}},"3":{"start":{"line":5,"column":20},"end":{"line":5,"column":47}},"4":{"start":{"line":6,"column":4},"end":{"line":6,"column":34}},"5":{"start":{"line":8,"column":4},"end":{"line":8,"column":23}},"6":{"start":{"line":9,"column":4},"end":{"line":9,"column":36}},"7":{"start":{"line":13,"column":0},"end":{"line":23,"column":2}},"8":{"start":{"line":14,"column":2},"end":{"line":22,"column":3}},"9":{"start":{"line":15,"column":21},"end":{"line":15,"column":41}},"10":{"start":{"line":17,"column":4},"end":{"line":17,"column":38}},"11":{"start":{"line":18,"column":4},"end":{"line":18,"column":48}},"12":{"start":{"line":20,"column":4},"end":{"line":20,"column":23}},"13":{"start":{"line":21,"column":4},"end":{"line":21,"column":36}},"14":{"start":{"line":26,"column":0},"end":{"line":39,"column":2}},"15":{"start":{"line":27,"column":2},"end":{"line":38,"column":3}},"16":{"start":{"line":28,"column":23},"end":{"line":28,"column":33}},"17":{"start":{"line":29,"column":17},"end":{"line":29,"column":44}},"18":{"start":{"line":30,"column":4},"end":{"line":32,"column":5}},"19":{"start":{"line":31,"column":6},"end":{"line":31,"column":63}},"20":{"start":{"line":34,"column":4},"end":{"line":34,"column":39}},"21":{"start":{"line":36,"column":4},"end":{"line":36,"column":54}},"22":{"start":{"line":37,"column":4},"end":{"line":37,"column":60}},"23":{"start":{"line":40,"column":0},"end":{"line":55,"column":2}},"24":{"start":{"line":41,"column":21},"end":{"line":41,"column":31}},"25":{"start":{"line":43,"column":2},"end":{"line":54,"column":3}},"26":{"start":{"line":44,"column":17},"end":{"line":44,"column":44}},"27":{"start":{"line":46,"column":4},"end":{"line":48,"column":5}},"28":{"start":{"line":47,"column":6},"end":{"line":47,"column":63}},"29":{"start":{"line":50,"column":4},"end":{"line":50,"column":37}},"30":{"start":{"line":52,"column":4},"end":{"line":52,"column":54}},"31":{"start":{"line":53,"column":4},"end":{"line":53,"column":60}},"32":{"start":{"line":58,"column":0},"end":{"line":74,"column":2}},"33":{"start":{"line":59,"column":23},"end":{"line":59,"column":33}},"34":{"start":{"line":60,"column":4},"end":{"line":73,"column":5}},"35":{"start":{"line":61,"column":48},"end":{"line":64,"column":10}},"36":{"start":{"line":65,"column":8},"end":{"line":67,"column":9}},"37":{"start":{"line":66,"column":12},"end":{"line":66,"column":69}},"38":{"start":{"line":69,"column":8},"end":{"line":69,"column":45}},"39":{"start":{"line":71,"column":8},"end":{"line":71,"column":53}},"40":{"start":{"line":72,"column":8},"end":{"line":72,"column":65}},"41":{"start":{"line":77,"column":0},"end":{"line":96,"column":2}},"42":{"start":{"line":78,"column":21},"end":{"line":78,"column":31}},"43":{"start":{"line":79,"column":2},"end":{"line":79,"column":48}},"44":{"start":{"line":81,"column":2},"end":{"line":95,"column":3}},"45":{"start":{"line":82,"column":19},"end":{"line":82,"column":46}},"46":{"start":{"line":83,"column":6},"end":{"line":86,"column":7}},"47":{"start":{"line":84,"column":10},"end":{"line":84,"column":42}},"48":{"start":{"line":85,"column":10},"end":{"line":85,"column":67}},"49":{"start":{"line":88,"column":6},"end":{"line":88,"column":27}},"50":{"start":{"line":90,"column":6},"end":{"line":90,"column":47}},"51":{"start":{"line":91,"column":6},"end":{"line":91,"column":69}},"52":{"start":{"line":93,"column":6},"end":{"line":93,"column":51}},"53":{"start":{"line":94,"column":6},"end":{"line":94,"column":63}}},"fnMap":{"0":{"name":"(anonymous_0)","decl":{"start":{"line":3,"column":31},"end":{"line":3,"column":32}},"loc":{"start":{"line":3,"column":51},"end":{"line":11,"column":1}},"line":3},"1":{"name":"(anonymous_1)","decl":{"start":{"line":13,"column":29},"end":{"line":13,"column":30}},"loc":{"start":{"line":13,"column":49},"end":{"line":23,"column":1}},"line":13},"2":{"name":"(anonymous_2)","decl":{"start":{"line":26,"column":29},"end":{"line":26,"column":30}},"loc":{"start":{"line":26,"column":49},"end":{"line":39,"column":1}},"line":26},"3":{"name":"(anonymous_3)","decl":{"start":{"line":40,"column":33},"end":{"line":40,"column":34}},"loc":{"start":{"line":40,"column":53},"end":{"line":55,"column":1}},"line":40},"4":{"name":"(anonymous_4)","decl":{"start":{"line":58,"column":32},"end":{"line":58,"column":33}},"loc":{"start":{"line":58,"column":52},"end":{"line":74,"column":1}},"line":58},"5":{"name":"(anonymous_5)","decl":{"start":{"line":77,"column":30},"end":{"line":77,"column":31}},"loc":{"start":{"line":77,"column":50},"end":{"line":96,"column":1}},"line":77}},"branchMap":{"0":{"loc":{"start":{"line":30,"column":4},"end":{"line":32,"column":5}},"type":"if","locations":[{"start":{"line":30,"column":4},"end":{"line":32,"column":5}},{"start":{},"end":{}}],"line":30},"1":{"loc":{"start":{"line":46,"column":4},"end":{"line":48,"column":5}},"type":"if","locations":[{"start":{"line":46,"column":4},"end":{"line":48,"column":5}},{"start":{},"end":{}}],"line":46},"2":{"loc":{"start":{"line":65,"column":8},"end":{"line":67,"column":9}},"type":"if","locations":[{"start":{"line":65,"column":8},"end":{"line":67,"column":9}},{"start":{},"end":{}}],"line":65},"3":{"loc":{"start":{"line":83,"column":6},"end":{"line":86,"column":7}},"type":"if","locations":[{"start":{"line":83,"column":6},"end":{"line":86,"column":7}},{"start":{},"end":{}}],"line":83}},"s":{"0":1,"1":1,"2":2,"3":2,"4":0,"5":2,"6":2,"7":1,"8":0,"9":0,"10":0,"11":0,"12":0,"13":0,"14":1,"15":2,"16":2,"17":2,"18":0,"19":0,"20":0,"21":2,"22":2,"23":1,"24":0,"25":0,"26":0,"27":0,"28":0,"29":0,"30":0,"31":0,"32":1,"33":2,"34":2,"35":2,"36":0,"37":0,"38":0,"39":2,"40":2,"41":1,"42":2,"43":2,"44":2,"45":2,"46":0,"47":0,"48":0,"49":0,"50":0,"51":0,"52":2,"53":2},"f":{"0":2,"1":0,"2":2,"3":0,"4":2,"5":2},"b":{"0":[0,0],"1":[0,0],"2":[0,0],"3":[0,0]},"_coverageSchema":"1a1c01bbd47fc00a2c39e90264f33305004495a9","hash":"30a3431d37c635ecadc9c1ace4c4ee8a80deee77"}
,"C:\\Users\\a-z\\Muna-Zeer-Blogging\\src\\models\\category.js": {"path":"C:\\Users\\a-z\\Muna-Zeer-Blogging\\src\\models\\category.js","statementMap":{"0":{"start":{"line":2,"column":29},"end":{"line":2,"column":49}},"1":{"start":{"line":3,"column":18},"end":{"line":3,"column":43}},"2":{"start":{"line":6,"column":0},"end":{"line":15,"column":3}},"3":{"start":{"line":17,"column":0},"end":{"line":17,"column":26}}},"fnMap":{},"branchMap":{},"s":{"0":2,"1":2,"2":2,"3":2},"f":{},"b":{},"_coverageSchema":"1a1c01bbd47fc00a2c39e90264f33305004495a9","hash":"68817fd99e105ccf3427d8e73c51e805ac731e09"}
,"C:\\Users\\a-z\\Muna-Zeer-Blogging\\src\\models\\comment.js": {"path":"C:\\Users\\a-z\\Muna-Zeer-Blogging\\src\\models\\comment.js","statementMap":{"0":{"start":{"line":2,"column":29},"end":{"line":2,"column":49}},"1":{"start":{"line":3,"column":18},"end":{"line":3,"column":43}},"2":{"start":{"line":4,"column":13},"end":{"line":4,"column":30}},"3":{"start":{"line":5,"column":13},"end":{"line":5,"column":30}},"4":{"start":{"line":9,"column":0},"end":{"line":17,"column":3}},"5":{"start":{"line":21,"column":0},"end":{"line":23,"column":4}},"6":{"start":{"line":22,"column":4},"end":{"line":22,"column":28}},"7":{"start":{"line":24,"column":0},"end":{"line":24,"column":25}}},"fnMap":{"0":{"name":"(anonymous_0)","decl":{"start":{"line":21,"column":20},"end":{"line":21,"column":21}},"loc":{"start":{"line":21,"column":26},"end":{"line":23,"column":3}},"line":21}},"branchMap":{},"s":{"0":1,"1":1,"2":1,"3":1,"4":1,"5":1,"6":0,"7":1},"f":{"0":0},"b":{},"_coverageSchema":"1a1c01bbd47fc00a2c39e90264f33305004495a9","hash":"9a8c7d6c1a5e6940e6a5bd5ddb93837384316ef1"}
,"C:\\Users\\a-z\\Muna-Zeer-Blogging\\src\\models\\index.js": {"path":"C:\\Users\\a-z\\Muna-Zeer-Blogging\\src\\models\\index.js","statementMap":{"0":{"start":{"line":3,"column":13},"end":{"line":3,"column":30}},"1":{"start":{"line":4,"column":13},"end":{"line":4,"column":30}},"2":{"start":{"line":5,"column":17},"end":{"line":5,"column":38}},"3":{"start":{"line":6,"column":16},"end":{"line":6,"column":36}},"4":{"start":{"line":8,"column":0},"end":{"line":8,"column":51}}},"fnMap":{},"branchMap":{},"s":{"0":2,"1":2,"2":2,"3":2,"4":2},"f":{},"b":{},"_coverageSchema":"1a1c01bbd47fc00a2c39e90264f33305004495a9","hash":"c000c9dc4badf13312e75f43fc852f0034b03537"}
,"C:\\Users\\a-z\\Muna-Zeer-Blogging\\src\\models\\main.js": {"path":"C:\\Users\\a-z\\Muna-Zeer-Blogging\\src\\models\\main.js","statementMap":{"0":{"start":{"line":2,"column":18},"end":{"line":2,"column":38}},"1":{"start":{"line":3,"column":18},"end":{"line":6,"column":2}},"2":{"start":{"line":8,"column":0},"end":{"line":8,"column":27}}},"fnMap":{},"branchMap":{},"s":{"0":2,"1":2,"2":2},"f":{},"b":{},"_coverageSchema":"1a1c01bbd47fc00a2c39e90264f33305004495a9","hash":"f5153ecfe0864569c5ddcee1bd0c859638ffe591"}
,"C:\\Users\\a-z\\Muna-Zeer-Blogging\\src\\models\\post.js": {"path":"C:\\Users\\a-z\\Muna-Zeer-Blogging\\src\\models\\post.js","statementMap":{"0":{"start":{"line":2,"column":29},"end":{"line":2,"column":49}},"1":{"start":{"line":3,"column":18},"end":{"line":3,"column":43}},"2":{"start":{"line":4,"column":17},"end":{"line":4,"column":38}},"3":{"start":{"line":5,"column":11},"end":{"line":5,"column":28}},"4":{"start":{"line":6,"column":14},"end":{"line":6,"column":34}},"5":{"start":{"line":8,"column":0},"end":{"line":29,"column":3}},"6":{"start":{"line":31,"column":0},"end":{"line":31,"column":60}},"7":{"start":{"line":32,"column":0},"end":{"line":34,"column":4}},"8":{"start":{"line":33,"column":4},"end":{"line":33,"column":25}},"9":{"start":{"line":35,"column":0},"end":{"line":35,"column":22}},"10":{"start":{"line":36,"column":0},"end":{"line":36,"column":22}}},"fnMap":{"0":{"name":"(anonymous_0)","decl":{"start":{"line":32,"column":17},"end":{"line":32,"column":18}},"loc":{"start":{"line":32,"column":23},"end":{"line":34,"column":3}},"line":32}},"branchMap":{},"s":{"0":1,"1":1,"2":1,"3":1,"4":1,"5":1,"6":1,"7":1,"8":0,"9":1,"10":1},"f":{"0":0},"b":{},"_coverageSchema":"1a1c01bbd47fc00a2c39e90264f33305004495a9","hash":"8635bd91094fc7734123e738c10b7fde1b320724"}
,"C:\\Users\\a-z\\Muna-Zeer-Blogging\\src\\models\\user.js": {"path":"C:\\Users\\a-z\\Muna-Zeer-Blogging\\src\\models\\user.js","statementMap":{"0":{"start":{"line":1,"column":29},"end":{"line":1,"column":49}},"1":{"start":{"line":2,"column":18},"end":{"line":2,"column":43}},"2":{"start":{"line":6,"column":0},"end":{"line":27,"column":3}},"3":{"start":{"line":29,"column":0},"end":{"line":29,"column":22}}},"fnMap":{},"branchMap":{},"s":{"0":1,"1":1,"2":1,"3":1},"f":{},"b":{},"_coverageSchema":"1a1c01bbd47fc00a2c39e90264f33305004495a9","hash":"c19dadc736b1da79f4e1ac565edbae2a9126c570"}
}
