{"C:\\Users\\a-z\\Muna-Zeer-Blogging\\src\\controllers\\postController.js": {"path":"C:\\Users\\a-z\\Muna-Zeer-Blogging\\src\\controllers\\postController.js","statementMap":{"0":{"start":{"line":2,"column":41},"end":{"line":2,"column":61}},"1":{"start":{"line":3,"column":11},"end":{"line":3,"column":24}},"2":{"start":{"line":4,"column":15},"end":{"line":4,"column":35}},"3":{"start":{"line":5,"column":0},"end":{"line":18,"column":2}},"4":{"start":{"line":6,"column":2},"end":{"line":17,"column":3}},"5":{"start":{"line":7,"column":4},"end":{"line":9,"column":5}},"6":{"start":{"line":8,"column":6},"end":{"line":8,"column":65}},"7":{"start":{"line":10,"column":21},"end":{"line":10,"column":38}},"8":{"start":{"line":11,"column":4},"end":{"line":13,"column":65}},"9":{"start":{"line":15,"column":4},"end":{"line":15,"column":23}},"10":{"start":{"line":16,"column":4},"end":{"line":16,"column":43}},"11":{"start":{"line":21,"column":0},"end":{"line":47,"column":2}},"12":{"start":{"line":22,"column":2},"end":{"line":46,"column":3}},"13":{"start":{"line":23,"column":21},"end":{"line":23,"column":38}},"14":{"start":{"line":24,"column":4},"end":{"line":24,"column":35}},"15":{"start":{"line":26,"column":20},"end":{"line":31,"column":6}},"16":{"start":{"line":41,"column":4},"end":{"line":41,"column":27}},"17":{"start":{"line":42,"column":4},"end":{"line":42,"column":34}},"18":{"start":{"line":44,"column":4},"end":{"line":44,"column":23}},"19":{"start":{"line":45,"column":4},"end":{"line":45,"column":36}},"20":{"start":{"line":49,"column":0},"end":{"line":58,"column":2}},"21":{"start":{"line":50,"column":2},"end":{"line":57,"column":3}},"22":{"start":{"line":51,"column":21},"end":{"line":51,"column":41}},"23":{"start":{"line":53,"column":4},"end":{"line":53,"column":48}},"24":{"start":{"line":55,"column":4},"end":{"line":55,"column":23}},"25":{"start":{"line":56,"column":4},"end":{"line":56,"column":36}},"26":{"start":{"line":59,"column":0},"end":{"line":68,"column":2}},"27":{"start":{"line":60,"column":2},"end":{"line":67,"column":3}},"28":{"start":{"line":61,"column":21},"end":{"line":61,"column":41}},"29":{"start":{"line":63,"column":4},"end":{"line":63,"column":51}},"30":{"start":{"line":65,"column":4},"end":{"line":65,"column":23}},"31":{"start":{"line":66,"column":4},"end":{"line":66,"column":36}},"32":{"start":{"line":70,"column":0},"end":{"line":105,"column":2}},"33":{"start":{"line":71,"column":2},"end":{"line":104,"column":3}},"34":{"start":{"line":72,"column":23},"end":{"line":72,"column":33}},"35":{"start":{"line":73,"column":27},"end":{"line":73,"column":35}},"36":{"start":{"line":74,"column":4},"end":{"line":74,"column":52}},"37":{"start":{"line":76,"column":17},"end":{"line":76,"column":44}},"38":{"start":{"line":77,"column":4},"end":{"line":79,"column":5}},"39":{"start":{"line":78,"column":6},"end":{"line":78,"column":63}},"40":{"start":{"line":81,"column":30},"end":{"line":89,"column":5}},"41":{"start":{"line":83,"column":36},"end":{"line":86,"column":10}},"42":{"start":{"line":87,"column":8},"end":{"line":87,"column":24}},"43":{"start":{"line":91,"column":4},"end":{"line":91,"column":59}},"44":{"start":{"line":94,"column":28},"end":{"line":96,"column":5}},"45":{"start":{"line":95,"column":20},"end":{"line":95,"column":37}},"46":{"start":{"line":98,"column":4},"end":{"line":98,"column":46}},"47":{"start":{"line":100,"column":4},"end":{"line":100,"column":22}},"48":{"start":{"line":102,"column":4},"end":{"line":102,"column":61}},"49":{"start":{"line":103,"column":4},"end":{"line":103,"column":61}},"50":{"start":{"line":107,"column":0},"end":{"line":121,"column":2}},"51":{"start":{"line":108,"column":2},"end":{"line":120,"column":3}},"52":{"start":{"line":109,"column":23},"end":{"line":109,"column":33}},"53":{"start":{"line":110,"column":27},"end":{"line":110,"column":35}},"54":{"start":{"line":111,"column":17},"end":{"line":111,"column":44}},"55":{"start":{"line":112,"column":4},"end":{"line":114,"column":5}},"56":{"start":{"line":113,"column":6},"end":{"line":113,"column":63}},"57":{"start":{"line":116,"column":4},"end":{"line":116,"column":54}},"58":{"start":{"line":118,"column":4},"end":{"line":118,"column":49}},"59":{"start":{"line":119,"column":4},"end":{"line":119,"column":61}},"60":{"start":{"line":123,"column":0},"end":{"line":142,"column":2}},"61":{"start":{"line":124,"column":2},"end":{"line":141,"column":3}},"62":{"start":{"line":125,"column":23},"end":{"line":125,"column":33}},"63":{"start":{"line":128,"column":17},"end":{"line":128,"column":44}},"64":{"start":{"line":130,"column":4},"end":{"line":132,"column":5}},"65":{"start":{"line":131,"column":6},"end":{"line":131,"column":63}},"66":{"start":{"line":134,"column":23},"end":{"line":134,"column":49}},"67":{"start":{"line":137,"column":4},"end":{"line":137,"column":50}},"68":{"start":{"line":139,"column":4},"end":{"line":139,"column":63}},"69":{"start":{"line":140,"column":4},"end":{"line":140,"column":61}},"70":{"start":{"line":143,"column":0},"end":{"line":160,"column":2}},"71":{"start":{"line":144,"column":21},"end":{"line":144,"column":31}},"72":{"start":{"line":145,"column":2},"end":{"line":145,"column":47}},"73":{"start":{"line":147,"column":2},"end":{"line":159,"column":3}},"74":{"start":{"line":148,"column":17},"end":{"line":148,"column":44}},"75":{"start":{"line":150,"column":4},"end":{"line":153,"column":5}},"76":{"start":{"line":151,"column":6},"end":{"line":151,"column":38}},"77":{"start":{"line":152,"column":6},"end":{"line":152,"column":63}},"78":{"start":{"line":155,"column":4},"end":{"line":155,"column":39}},"79":{"start":{"line":157,"column":4},"end":{"line":157,"column":54}},"80":{"start":{"line":158,"column":4},"end":{"line":158,"column":60}},"81":{"start":{"line":162,"column":0},"end":{"line":192,"column":2}},"82":{"start":{"line":163,"column":21},"end":{"line":163,"column":31}},"83":{"start":{"line":164,"column":2},"end":{"line":164,"column":48}},"84":{"start":{"line":165,"column":2},"end":{"line":165,"column":41}},"85":{"start":{"line":167,"column":2},"end":{"line":191,"column":3}},"86":{"start":{"line":169,"column":17},"end":{"line":169,"column":44}},"87":{"start":{"line":170,"column":4},"end":{"line":173,"column":5}},"88":{"start":{"line":171,"column":6},"end":{"line":171,"column":38}},"89":{"start":{"line":172,"column":6},"end":{"line":172,"column":63}},"90":{"start":{"line":176,"column":44},"end":{"line":179,"column":6}},"91":{"start":{"line":181,"column":4},"end":{"line":184,"column":5}},"92":{"start":{"line":182,"column":6},"end":{"line":182,"column":38}},"93":{"start":{"line":183,"column":6},"end":{"line":183,"column":63}},"94":{"start":{"line":186,"column":4},"end":{"line":186,"column":59}},"95":{"start":{"line":187,"column":4},"end":{"line":187,"column":71}},"96":{"start":{"line":189,"column":4},"end":{"line":189,"column":49}},"97":{"start":{"line":190,"column":4},"end":{"line":190,"column":61}},"98":{"start":{"line":195,"column":0},"end":{"line":212,"column":2}},"99":{"start":{"line":196,"column":21},"end":{"line":196,"column":31}},"100":{"start":{"line":198,"column":2},"end":{"line":211,"column":3}},"101":{"start":{"line":199,"column":17},"end":{"line":199,"column":44}},"102":{"start":{"line":201,"column":4},"end":{"line":203,"column":5}},"103":{"start":{"line":202,"column":6},"end":{"line":202,"column":63}},"104":{"start":{"line":205,"column":4},"end":{"line":205,"column":25}},"105":{"start":{"line":207,"column":4},"end":{"line":207,"column":67}},"106":{"start":{"line":209,"column":4},"end":{"line":209,"column":49}},"107":{"start":{"line":210,"column":4},"end":{"line":210,"column":61}},"108":{"start":{"line":216,"column":0},"end":{"line":229,"column":2}},"109":{"start":{"line":217,"column":21},"end":{"line":217,"column":31}},"110":{"start":{"line":218,"column":22},"end":{"line":218,"column":30}},"111":{"start":{"line":219,"column":2},"end":{"line":228,"column":3}},"112":{"start":{"line":220,"column":20},"end":{"line":223,"column":6}},"113":{"start":{"line":224,"column":4},"end":{"line":224,"column":79}},"114":{"start":{"line":226,"column":4},"end":{"line":226,"column":52}},"115":{"start":{"line":227,"column":4},"end":{"line":227,"column":64}},"116":{"start":{"line":232,"column":0},"end":{"line":243,"column":2}},"117":{"start":{"line":233,"column":21},"end":{"line":233,"column":31}},"118":{"start":{"line":234,"column":2},"end":{"line":234,"column":34}},"119":{"start":{"line":235,"column":2},"end":{"line":242,"column":3}},"120":{"start":{"line":236,"column":21},"end":{"line":236,"column":65}},"121":{"start":{"line":237,"column":4},"end":{"line":237,"column":39}},"122":{"start":{"line":238,"column":4},"end":{"line":238,"column":39}},"123":{"start":{"line":240,"column":4},"end":{"line":240,"column":52}},"124":{"start":{"line":241,"column":4},"end":{"line":241,"column":62}},"125":{"start":{"line":245,"column":0},"end":{"line":255,"column":2}},"126":{"start":{"line":246,"column":2},"end":{"line":254,"column":3}},"127":{"start":{"line":247,"column":17},"end":{"line":249,"column":6}},"128":{"start":{"line":250,"column":4},"end":{"line":250,"column":39}},"129":{"start":{"line":252,"column":4},"end":{"line":252,"column":70}},"130":{"start":{"line":253,"column":4},"end":{"line":253,"column":80}},"131":{"start":{"line":257,"column":0},"end":{"line":272,"column":1}},"132":{"start":{"line":258,"column":17},"end":{"line":258,"column":27}},"133":{"start":{"line":259,"column":2},"end":{"line":271,"column":3}},"134":{"start":{"line":260,"column":17},"end":{"line":262,"column":6}},"135":{"start":{"line":263,"column":4},"end":{"line":265,"column":5}},"136":{"start":{"line":264,"column":6},"end":{"line":264,"column":63}},"137":{"start":{"line":267,"column":4},"end":{"line":267,"column":33}},"138":{"start":{"line":269,"column":4},"end":{"line":269,"column":56}},"139":{"start":{"line":270,"column":4},"end":{"line":270,"column":66}}},"fnMap":{"0":{"name":"(anonymous_0)","decl":{"start":{"line":5,"column":28},"end":{"line":5,"column":29}},"loc":{"start":{"line":5,"column":48},"end":{"line":18,"column":1}},"line":5},"1":{"name":"(anonymous_1)","decl":{"start":{"line":21,"column":28},"end":{"line":21,"column":29}},"loc":{"start":{"line":21,"column":48},"end":{"line":47,"column":1}},"line":21},"2":{"name":"(anonymous_2)","decl":{"start":{"line":49,"column":28},"end":{"line":49,"column":29}},"loc":{"start":{"line":49,"column":48},"end":{"line":58,"column":1}},"line":49},"3":{"name":"(anonymous_3)","decl":{"start":{"line":59,"column":29},"end":{"line":59,"column":30}},"loc":{"start":{"line":59,"column":49},"end":{"line":68,"column":1}},"line":59},"4":{"name":"(anonymous_4)","decl":{"start":{"line":70,"column":33},"end":{"line":70,"column":34}},"loc":{"start":{"line":70,"column":53},"end":{"line":105,"column":1}},"line":70},"5":{"name":"(anonymous_5)","decl":{"start":{"line":82,"column":21},"end":{"line":82,"column":22}},"loc":{"start":{"line":82,"column":45},"end":{"line":88,"column":7}},"line":82},"6":{"name":"(anonymous_6)","decl":{"start":{"line":95,"column":6},"end":{"line":95,"column":7}},"loc":{"start":{"line":95,"column":20},"end":{"line":95,"column":37}},"line":95},"7":{"name":"(anonymous_7)","decl":{"start":{"line":107,"column":29},"end":{"line":107,"column":30}},"loc":{"start":{"line":107,"column":49},"end":{"line":121,"column":1}},"line":107},"8":{"name":"(anonymous_8)","decl":{"start":{"line":123,"column":33},"end":{"line":123,"column":34}},"loc":{"start":{"line":123,"column":53},"end":{"line":142,"column":1}},"line":123},"9":{"name":"(anonymous_9)","decl":{"start":{"line":143,"column":33},"end":{"line":143,"column":34}},"loc":{"start":{"line":143,"column":53},"end":{"line":160,"column":1}},"line":143},"10":{"name":"(anonymous_10)","decl":{"start":{"line":162,"column":32},"end":{"line":162,"column":33}},"loc":{"start":{"line":162,"column":52},"end":{"line":192,"column":1}},"line":162},"11":{"name":"(anonymous_11)","decl":{"start":{"line":195,"column":28},"end":{"line":195,"column":29}},"loc":{"start":{"line":195,"column":48},"end":{"line":212,"column":1}},"line":195},"12":{"name":"(anonymous_12)","decl":{"start":{"line":216,"column":31},"end":{"line":216,"column":32}},"loc":{"start":{"line":216,"column":51},"end":{"line":229,"column":1}},"line":216},"13":{"name":"(anonymous_13)","decl":{"start":{"line":232,"column":33},"end":{"line":232,"column":34}},"loc":{"start":{"line":232,"column":53},"end":{"line":243,"column":1}},"line":232},"14":{"name":"(anonymous_14)","decl":{"start":{"line":245,"column":36},"end":{"line":245,"column":37}},"loc":{"start":{"line":245,"column":56},"end":{"line":255,"column":1}},"line":245},"15":{"name":"(anonymous_15)","decl":{"start":{"line":257,"column":34},"end":{"line":257,"column":35}},"loc":{"start":{"line":257,"column":50},"end":{"line":272,"column":1}},"line":257}},"branchMap":{"0":{"loc":{"start":{"line":7,"column":4},"end":{"line":9,"column":5}},"type":"if","locations":[{"start":{"line":7,"column":4},"end":{"line":9,"column":5}},{"start":{},"end":{}}],"line":7},"1":{"loc":{"start":{"line":77,"column":4},"end":{"line":79,"column":5}},"type":"if","locations":[{"start":{"line":77,"column":4},"end":{"line":79,"column":5}},{"start":{},"end":{}}],"line":77},"2":{"loc":{"start":{"line":112,"column":4},"end":{"line":114,"column":5}},"type":"if","locations":[{"start":{"line":112,"column":4},"end":{"line":114,"column":5}},{"start":{},"end":{}}],"line":112},"3":{"loc":{"start":{"line":130,"column":4},"end":{"line":132,"column":5}},"type":"if","locations":[{"start":{"line":130,"column":4},"end":{"line":132,"column":5}},{"start":{},"end":{}}],"line":130},"4":{"loc":{"start":{"line":150,"column":4},"end":{"line":153,"column":5}},"type":"if","locations":[{"start":{"line":150,"column":4},"end":{"line":153,"column":5}},{"start":{},"end":{}}],"line":150},"5":{"loc":{"start":{"line":170,"column":4},"end":{"line":173,"column":5}},"type":"if","locations":[{"start":{"line":170,"column":4},"end":{"line":173,"column":5}},{"start":{},"end":{}}],"line":170},"6":{"loc":{"start":{"line":181,"column":4},"end":{"line":184,"column":5}},"type":"if","locations":[{"start":{"line":181,"column":4},"end":{"line":184,"column":5}},{"start":{},"end":{}}],"line":181},"7":{"loc":{"start":{"line":201,"column":4},"end":{"line":203,"column":5}},"type":"if","locations":[{"start":{"line":201,"column":4},"end":{"line":203,"column":5}},{"start":{},"end":{}}],"line":201},"8":{"loc":{"start":{"line":263,"column":4},"end":{"line":265,"column":5}},"type":"if","locations":[{"start":{"line":263,"column":4},"end":{"line":265,"column":5}},{"start":{},"end":{}}],"line":263}},"s":{"0":1,"1":1,"2":1,"3":1,"4":2,"5":2,"6":1,"7":1,"8":1,"9":1,"10":1,"11":1,"12":0,"13":0,"14":0,"15":0,"16":0,"17":0,"18":0,"19":0,"20":1,"21":0,"22":0,"23":0,"24":0,"25":0,"26":1,"27":0,"28":0,"29":0,"30":0,"31":0,"32":1,"33":0,"34":0,"35":0,"36":0,"37":0,"38":0,"39":0,"40":0,"41":0,"42":0,"43":0,"44":0,"45":0,"46":0,"47":0,"48":0,"49":0,"50":1,"51":0,"52":0,"53":0,"54":0,"55":0,"56":0,"57":0,"58":0,"59":0,"60":1,"61":0,"62":0,"63":0,"64":0,"65":0,"66":0,"67":0,"68":0,"69":0,"70":1,"71":0,"72":0,"73":0,"74":0,"75":0,"76":0,"77":0,"78":0,"79":0,"80":0,"81":1,"82":0,"83":0,"84":0,"85":0,"86":0,"87":0,"88":0,"89":0,"90":0,"91":0,"92":0,"93":0,"94":0,"95":0,"96":0,"97":0,"98":1,"99":0,"100":0,"101":0,"102":0,"103":0,"104":0,"105":0,"106":0,"107":0,"108":1,"109":0,"110":0,"111":0,"112":0,"113":0,"114":0,"115":0,"116":1,"117":0,"118":0,"119":0,"120":0,"121":0,"122":0,"123":0,"124":0,"125":1,"126":0,"127":0,"128":0,"129":0,"130":0,"131":1,"132":0,"133":0,"134":0,"135":0,"136":0,"137":0,"138":0,"139":0},"f":{"0":2,"1":0,"2":0,"3":0,"4":0,"5":0,"6":0,"7":0,"8":0,"9":0,"10":0,"11":0,"12":0,"13":0,"14":0,"15":0},"b":{"0":[1,1],"1":[0,0],"2":[0,0],"3":[0,0],"4":[0,0],"5":[0,0],"6":[0,0],"7":[0,0],"8":[0,0]},"_coverageSchema":"1a1c01bbd47fc00a2c39e90264f33305004495a9","hash":"54a15dd316534a82917f71ce59b91ec546d04d5c"}
,"C:\\Users\\a-z\\Muna-Zeer-Blogging\\src\\models\\category.js": {"path":"C:\\Users\\a-z\\Muna-Zeer-Blogging\\src\\models\\category.js","statementMap":{"0":{"start":{"line":2,"column":29},"end":{"line":2,"column":49}},"1":{"start":{"line":3,"column":18},"end":{"line":3,"column":43}},"2":{"start":{"line":6,"column":0},"end":{"line":15,"column":3}},"3":{"start":{"line":17,"column":0},"end":{"line":17,"column":26}}},"fnMap":{},"branchMap":{},"s":{"0":1,"1":1,"2":1,"3":1},"f":{},"b":{},"_coverageSchema":"1a1c01bbd47fc00a2c39e90264f33305004495a9","hash":"68817fd99e105ccf3427d8e73c51e805ac731e09"}
,"C:\\Users\\a-z\\Muna-Zeer-Blogging\\src\\models\\comment.js": {"path":"C:\\Users\\a-z\\Muna-Zeer-Blogging\\src\\models\\comment.js","statementMap":{"0":{"start":{"line":2,"column":29},"end":{"line":2,"column":49}},"1":{"start":{"line":3,"column":18},"end":{"line":3,"column":43}},"2":{"start":{"line":4,"column":13},"end":{"line":4,"column":30}},"3":{"start":{"line":5,"column":13},"end":{"line":5,"column":30}},"4":{"start":{"line":9,"column":0},"end":{"line":17,"column":3}},"5":{"start":{"line":21,"column":0},"end":{"line":23,"column":4}},"6":{"start":{"line":22,"column":4},"end":{"line":22,"column":28}},"7":{"start":{"line":24,"column":0},"end":{"line":24,"column":25}}},"fnMap":{"0":{"name":"(anonymous_0)","decl":{"start":{"line":21,"column":20},"end":{"line":21,"column":21}},"loc":{"start":{"line":21,"column":26},"end":{"line":23,"column":3}},"line":21}},"branchMap":{},"s":{"0":1,"1":1,"2":1,"3":1,"4":1,"5":1,"6":0,"7":1},"f":{"0":0},"b":{},"_coverageSchema":"1a1c01bbd47fc00a2c39e90264f33305004495a9","hash":"9a8c7d6c1a5e6940e6a5bd5ddb93837384316ef1"}
,"C:\\Users\\a-z\\Muna-Zeer-Blogging\\src\\models\\index.js": {"path":"C:\\Users\\a-z\\Muna-Zeer-Blogging\\src\\models\\index.js","statementMap":{"0":{"start":{"line":3,"column":13},"end":{"line":3,"column":30}},"1":{"start":{"line":4,"column":13},"end":{"line":4,"column":30}},"2":{"start":{"line":5,"column":17},"end":{"line":5,"column":38}},"3":{"start":{"line":6,"column":16},"end":{"line":6,"column":36}},"4":{"start":{"line":8,"column":0},"end":{"line":8,"column":51}}},"fnMap":{},"branchMap":{},"s":{"0":1,"1":1,"2":1,"3":1,"4":1},"f":{},"b":{},"_coverageSchema":"1a1c01bbd47fc00a2c39e90264f33305004495a9","hash":"c000c9dc4badf13312e75f43fc852f0034b03537"}
,"C:\\Users\\a-z\\Muna-Zeer-Blogging\\src\\models\\main.js": {"path":"C:\\Users\\a-z\\Muna-Zeer-Blogging\\src\\models\\main.js","statementMap":{"0":{"start":{"line":2,"column":18},"end":{"line":2,"column":38}},"1":{"start":{"line":3,"column":18},"end":{"line":6,"column":2}},"2":{"start":{"line":8,"column":0},"end":{"line":8,"column":27}}},"fnMap":{},"branchMap":{},"s":{"0":1,"1":1,"2":1},"f":{},"b":{},"_coverageSchema":"1a1c01bbd47fc00a2c39e90264f33305004495a9","hash":"f5153ecfe0864569c5ddcee1bd0c859638ffe591"}
,"C:\\Users\\a-z\\Muna-Zeer-Blogging\\src\\models\\user.js": {"path":"C:\\Users\\a-z\\Muna-Zeer-Blogging\\src\\models\\user.js","statementMap":{"0":{"start":{"line":1,"column":29},"end":{"line":1,"column":49}},"1":{"start":{"line":2,"column":18},"end":{"line":2,"column":43}},"2":{"start":{"line":6,"column":0},"end":{"line":27,"column":3}},"3":{"start":{"line":29,"column":0},"end":{"line":29,"column":22}}},"fnMap":{},"branchMap":{},"s":{"0":1,"1":1,"2":1,"3":1},"f":{},"b":{},"_coverageSchema":"1a1c01bbd47fc00a2c39e90264f33305004495a9","hash":"c19dadc736b1da79f4e1ac565edbae2a9126c570"}
}
