TN:
SF:src\controllers\postController.js
FN:5,(anonymous_0)
FN:21,(anonymous_1)
FN:49,(anonymous_2)
FN:59,(anonymous_3)
FN:70,(anonymous_4)
FN:82,(anonymous_5)
FN:95,(anonymous_6)
FN:107,(anonymous_7)
FN:123,(anonymous_8)
FN:143,(anonymous_9)
FN:162,(anonymous_10)
FN:195,(anonymous_11)
FN:216,(anonymous_12)
FN:232,(anonymous_13)
FN:245,(anonymous_14)
FN:257,(anonymous_15)
FNF:16
FNH:1
FNDA:2,(anonymous_0)
FNDA:0,(anonymous_1)
FNDA:0,(anonymous_2)
FNDA:0,(anonymous_3)
FNDA:0,(anonymous_4)
FNDA:0,(anonymous_5)
FNDA:0,(anonymous_6)
FNDA:0,(anonymous_7)
FNDA:0,(anonymous_8)
FNDA:0,(anonymous_9)
FNDA:0,(anonymous_10)
FNDA:0,(anonymous_11)
FNDA:0,(anonymous_12)
FNDA:0,(anonymous_13)
FNDA:0,(anonymous_14)
FNDA:0,(anonymous_15)
DA:2,1
DA:3,1
DA:4,1
DA:5,1
DA:6,2
DA:7,2
DA:8,1
DA:10,1
DA:11,1
DA:15,1
DA:16,1
DA:21,1
DA:22,0
DA:23,0
DA:24,0
DA:26,0
DA:41,0
DA:42,0
DA:44,0
DA:45,0
DA:49,1
DA:50,0
DA:51,0
DA:53,0
DA:55,0
DA:56,0
DA:59,1
DA:60,0
DA:61,0
DA:63,0
DA:65,0
DA:66,0
DA:70,1
DA:71,0
DA:72,0
DA:73,0
DA:74,0
DA:76,0
DA:77,0
DA:78,0
DA:81,0
DA:83,0
DA:87,0
DA:91,0
DA:94,0
DA:95,0
DA:98,0
DA:100,0
DA:102,0
DA:103,0
DA:107,1
DA:108,0
DA:109,0
DA:110,0
DA:111,0
DA:112,0
DA:113,0
DA:116,0
DA:118,0
DA:119,0
DA:123,1
DA:124,0
DA:125,0
DA:128,0
DA:130,0
DA:131,0
DA:134,0
DA:137,0
DA:139,0
DA:140,0
DA:143,1
DA:144,0
DA:145,0
DA:147,0
DA:148,0
DA:150,0
DA:151,0
DA:152,0
DA:155,0
DA:157,0
DA:158,0
DA:162,1
DA:163,0
DA:164,0
DA:165,0
DA:167,0
DA:169,0
DA:170,0
DA:171,0
DA:172,0
DA:176,0
DA:181,0
DA:182,0
DA:183,0
DA:186,0
DA:187,0
DA:189,0
DA:190,0
DA:195,1
DA:196,0
DA:198,0
DA:199,0
DA:201,0
DA:202,0
DA:205,0
DA:207,0
DA:209,0
DA:210,0
DA:216,1
DA:217,0
DA:218,0
DA:219,0
DA:220,0
DA:224,0
DA:226,0
DA:227,0
DA:232,1
DA:233,0
DA:234,0
DA:235,0
DA:236,0
DA:237,0
DA:238,0
DA:240,0
DA:241,0
DA:245,1
DA:246,0
DA:247,0
DA:250,0
DA:252,0
DA:253,0
DA:257,1
DA:258,0
DA:259,0
DA:260,0
DA:263,0
DA:264,0
DA:267,0
DA:269,0
DA:270,0
LF:140
LH:24
BRDA:7,0,0,1
BRDA:7,0,1,1
BRDA:77,1,0,0
BRDA:77,1,1,0
BRDA:112,2,0,0
BRDA:112,2,1,0
BRDA:130,3,0,0
BRDA:130,3,1,0
BRDA:150,4,0,0
BRDA:150,4,1,0
BRDA:170,5,0,0
BRDA:170,5,1,0
BRDA:181,6,0,0
BRDA:181,6,1,0
BRDA:201,7,0,0
BRDA:201,7,1,0
BRDA:263,8,0,0
BRDA:263,8,1,0
BRF:18
BRH:2
end_of_record
TN:
SF:src\models\category.js
FNF:0
FNH:0
DA:2,1
DA:3,1
DA:6,1
DA:17,1
LF:4
LH:4
BRF:0
BRH:0
end_of_record
TN:
SF:src\models\comment.js
FN:21,(anonymous_0)
FNF:1
FNH:0
FNDA:0,(anonymous_0)
DA:2,1
DA:3,1
DA:4,1
DA:5,1
DA:9,1
DA:21,1
DA:22,0
DA:24,1
LF:8
LH:7
BRF:0
BRH:0
end_of_record
TN:
SF:src\models\index.js
FNF:0
FNH:0
DA:3,1
DA:4,1
DA:5,1
DA:6,1
DA:8,1
LF:5
LH:5
BRF:0
BRH:0
end_of_record
TN:
SF:src\models\main.js
FNF:0
FNH:0
DA:2,1
DA:3,1
DA:8,1
LF:3
LH:3
BRF:0
BRH:0
end_of_record
TN:
SF:src\models\user.js
FNF:0
FNH:0
DA:1,1
DA:2,1
DA:6,1
DA:29,1
LF:4
LH:4
BRF:0
BRH:0
end_of_record
