TN:
SF:src\controllers\postController.js
FN:5,(anonymous_0)
FN:21,(anonymous_1)
FN:41,(anonymous_2)
FN:51,(anonymous_3)
FN:62,(anonymous_4)
FN:74,(anonymous_5)
FN:87,(anonymous_6)
FN:99,(anonymous_7)
FN:115,(anonymous_8)
FN:135,(anonymous_9)
FN:154,(anonymous_10)
FN:187,(anonymous_11)
FN:208,(anonymous_12)
FN:224,(anonymous_13)
FN:237,(anonymous_14)
FN:249,(anonymous_15)
FNF:16
FNH:4
FNDA:2,(anonymous_0)
FNDA:2,(anonymous_1)
FNDA:1,(anonymous_2)
FNDA:0,(anonymous_3)
FNDA:0,(anonymous_4)
FNDA:0,(anonymous_5)
FNDA:0,(anonymous_6)
FNDA:0,(anonymous_7)
FNDA:0,(anonymous_8)
FNDA:0,(anonymous_9)
FNDA:0,(anonymous_10)
FNDA:0,(anonymous_11)
FNDA:0,(anonymous_12)
FNDA:2,(anonymous_13)
FNDA:0,(anonymous_14)
FNDA:0,(anonymous_15)
DA:2,1
DA:3,1
DA:4,1
DA:5,1
DA:6,2
DA:7,2
DA:8,1
DA:10,1
DA:11,1
DA:15,1
DA:16,1
DA:21,1
DA:22,2
DA:23,2
DA:24,0
DA:26,0
DA:33,0
DA:34,0
DA:36,2
DA:37,2
DA:41,1
DA:42,1
DA:43,1
DA:45,1
DA:47,1
DA:48,1
DA:51,1
DA:52,0
DA:53,0
DA:55,0
DA:57,0
DA:58,0
DA:62,1
DA:63,0
DA:64,0
DA:65,0
DA:66,0
DA:68,0
DA:69,0
DA:70,0
DA:73,0
DA:75,0
DA:79,0
DA:83,0
DA:86,0
DA:87,0
DA:90,0
DA:92,0
DA:94,0
DA:95,0
DA:99,1
DA:100,0
DA:101,0
DA:102,0
DA:103,0
DA:104,0
DA:105,0
DA:108,0
DA:110,0
DA:111,0
DA:115,1
DA:116,0
DA:117,0
DA:120,0
DA:122,0
DA:123,0
DA:126,0
DA:129,0
DA:131,0
DA:132,0
DA:135,1
DA:136,0
DA:137,0
DA:139,0
DA:140,0
DA:142,0
DA:143,0
DA:144,0
DA:147,0
DA:149,0
DA:150,0
DA:154,1
DA:155,0
DA:156,0
DA:157,0
DA:159,0
DA:161,0
DA:162,0
DA:163,0
DA:164,0
DA:168,0
DA:173,0
DA:174,0
DA:175,0
DA:178,0
DA:179,0
DA:181,0
DA:182,0
DA:187,1
DA:188,0
DA:190,0
DA:191,0
DA:193,0
DA:194,0
DA:197,0
DA:199,0
DA:201,0
DA:202,0
DA:208,1
DA:209,0
DA:210,0
DA:211,0
DA:212,0
DA:216,0
DA:218,0
DA:219,0
DA:224,1
DA:225,2
DA:226,2
DA:227,2
DA:228,2
DA:229,1
DA:230,1
DA:232,1
DA:233,1
DA:237,1
DA:238,0
DA:239,0
DA:242,0
DA:244,0
DA:245,0
DA:249,1
DA:250,0
DA:251,0
DA:252,0
DA:255,0
DA:256,0
DA:259,0
DA:261,0
DA:262,0
LF:140
LH:41
BRDA:7,0,0,1
BRDA:7,0,1,1
BRDA:69,1,0,0
BRDA:69,1,1,0
BRDA:104,2,0,0
BRDA:104,2,1,0
BRDA:122,3,0,0
BRDA:122,3,1,0
BRDA:142,4,0,0
BRDA:142,4,1,0
BRDA:162,5,0,0
BRDA:162,5,1,0
BRDA:173,6,0,0
BRDA:173,6,1,0
BRDA:193,7,0,0
BRDA:193,7,1,0
BRDA:255,8,0,0
BRDA:255,8,1,0
BRF:18
BRH:2
end_of_record
TN:
SF:src\controllers\userController.js
FN:3,(anonymous_0)
FN:13,(anonymous_1)
FN:26,(anonymous_2)
FN:40,(anonymous_3)
FN:58,(anonymous_4)
FN:77,(anonymous_5)
FNF:6
FNH:4
FNDA:2,(anonymous_0)
FNDA:0,(anonymous_1)
FNDA:2,(anonymous_2)
FNDA:0,(anonymous_3)
FNDA:2,(anonymous_4)
FNDA:2,(anonymous_5)
DA:2,1
DA:3,1
DA:4,2
DA:5,2
DA:6,0
DA:8,2
DA:9,2
DA:13,1
DA:14,0
DA:15,0
DA:17,0
DA:18,0
DA:20,0
DA:21,0
DA:26,1
DA:27,2
DA:28,2
DA:29,2
DA:30,0
DA:31,0
DA:34,0
DA:36,2
DA:37,2
DA:40,1
DA:41,0
DA:43,0
DA:44,0
DA:46,0
DA:47,0
DA:50,0
DA:52,0
DA:53,0
DA:58,1
DA:59,2
DA:60,2
DA:61,2
DA:65,0
DA:66,0
DA:69,0
DA:71,2
DA:72,2
DA:77,1
DA:78,2
DA:79,2
DA:81,2
DA:82,2
DA:83,0
DA:84,0
DA:85,0
DA:88,0
DA:90,0
DA:91,0
DA:93,2
DA:94,2
LF:54
LH:27
BRDA:30,0,0,0
BRDA:30,0,1,0
BRDA:46,1,0,0
BRDA:46,1,1,0
BRDA:65,2,0,0
BRDA:65,2,1,0
BRDA:83,3,0,0
BRDA:83,3,1,0
BRF:8
BRH:0
end_of_record
TN:
SF:src\models\category.js
FNF:0
FNH:0
DA:2,2
DA:3,2
DA:6,2
DA:17,2
LF:4
LH:4
BRF:0
BRH:0
end_of_record
TN:
SF:src\models\comment.js
FN:21,(anonymous_0)
FNF:1
FNH:0
FNDA:0,(anonymous_0)
DA:2,1
DA:3,1
DA:4,1
DA:5,1
DA:9,1
DA:21,1
DA:22,0
DA:24,1
LF:8
LH:7
BRF:0
BRH:0
end_of_record
TN:
SF:src\models\index.js
FNF:0
FNH:0
DA:3,2
DA:4,2
DA:5,2
DA:6,2
DA:8,2
LF:5
LH:5
BRF:0
BRH:0
end_of_record
TN:
SF:src\models\main.js
FNF:0
FNH:0
DA:2,2
DA:3,2
DA:8,2
LF:3
LH:3
BRF:0
BRH:0
end_of_record
TN:
SF:src\models\post.js
FN:32,(anonymous_0)
FNF:1
FNH:0
FNDA:0,(anonymous_0)
DA:2,1
DA:3,1
DA:4,1
DA:5,1
DA:6,1
DA:8,1
DA:31,1
DA:32,1
DA:33,0
DA:35,1
DA:36,1
LF:11
LH:10
BRF:0
BRH:0
end_of_record
TN:
SF:src\models\user.js
FNF:0
FNH:0
DA:1,1
DA:2,1
DA:6,1
DA:29,1
LF:4
LH:4
BRF:0
BRH:0
end_of_record
